<?xml version="1.0" encoding="UTF-8"?>
<testsuite name="Sel" tests="2" errors="0" failures="0" skipped="0" time="25.113" timestamp="2024-04-28T06:14:38.672772">
<testsuite name="Test Sample1" tests="1" errors="0" failures="0" skipped="0" time="15.471" timestamp="2024-04-28T06:14:38.692243">
<testcase classname="Sel.Test Sample1" name="Starting a browser with a page" time="3.899">
</testcase>
</testsuite>
<testsuite name="Test Scroll01" tests="1" errors="0" failures="0" skipped="0" time="9.622" timestamp="2024-04-28T06:14:54.163430">
<testcase classname="Sel.Test Scroll01" name=" Test01_checkbrowser" time="9.617">
</testcase>
</testsuite>
</testsuite>
